ARM GAS  C:\Users\Simon\AppData\Local\Temp\ccDN7LQB.s 			page 1


   1              		.syntax unified
   2              		.cpu cortex-m3
   3              		.fpu softvfp
   4              		.eabi_attribute 20, 1
   5              		.eabi_attribute 21, 1
   6              		.eabi_attribute 23, 3
   7              		.eabi_attribute 24, 1
   8              		.eabi_attribute 25, 1
   9              		.eabi_attribute 26, 1
  10              		.eabi_attribute 30, 1
  11              		.eabi_attribute 34, 1
  12              		.eabi_attribute 18, 4
  13              		.thumb
  14              		.syntax unified
  15              		.file	"cymetadata.c"
  16              		.text
  17              	.Ltext0:
  18              		.cfi_sections	.debug_frame
  19              		.global	cy_metadata
  20              		.global	cy_meta_flashprotect
  21              		.global	cy_meta_wonvl
  22              		.global	cy_meta_custnvl
  23              		.global	cy_meta_configecc
  24              		.section	.cyconfigecc,"a",%progbits
  25              		.align	2
  26              		.type	cy_meta_configecc, %object
  27              		.size	cy_meta_configecc, 1452
  28              	cy_meta_configecc:
  29 0000 03       		.byte	3
  30 0001 52       		.byte	82
  31 0002 00       		.byte	0
  32 0003 40       		.byte	64
  33 0004 02       		.byte	2
  34 0005 64       		.byte	100
  35 0006 00       		.byte	0
  36 0007 40       		.byte	64
  37 0008 02       		.byte	2
  38 0009 65       		.byte	101
  39 000a 00       		.byte	0
  40 000b 40       		.byte	64
  41 000c 01       		.byte	1
  42 000d 05       		.byte	5
  43 000e 01       		.byte	1
  44 000f 40       		.byte	64
  45 0010 01       		.byte	1
  46 0011 07       		.byte	7
  47 0012 01       		.byte	1
  48 0013 40       		.byte	64
  49 0014 4D       		.byte	77
  50 0015 08       		.byte	8
  51 0016 01       		.byte	1
  52 0017 40       		.byte	64
  53 0018 3E       		.byte	62
  54 0019 09       		.byte	9
  55 001a 01       		.byte	1
  56 001b 40       		.byte	64
  57 001c 5E       		.byte	94
ARM GAS  C:\Users\Simon\AppData\Local\Temp\ccDN7LQB.s 			page 2


  58 001d 0A       		.byte	10
  59 001e 01       		.byte	1
  60 001f 40       		.byte	64
  61 0020 3B       		.byte	59
  62 0021 0B       		.byte	11
  63 0022 01       		.byte	1
  64 0023 40       		.byte	64
  65 0024 01       		.byte	1
  66 0025 15       		.byte	21
  67 0026 01       		.byte	1
  68 0027 40       		.byte	64
  69 0028 01       		.byte	1
  70 0029 17       		.byte	23
  71 002a 01       		.byte	1
  72 002b 40       		.byte	64
  73 002c 0D       		.byte	13
  74 002d 18       		.byte	24
  75 002e 01       		.byte	1
  76 002f 40       		.byte	64
  77 0030 36       		.byte	54
  78 0031 19       		.byte	25
  79 0032 01       		.byte	1
  80 0033 40       		.byte	64
  81 0034 60       		.byte	96
  82 0035 1A       		.byte	26
  83 0036 01       		.byte	1
  84 0037 40       		.byte	64
  85 0038 40       		.byte	64
  86 0039 1B       		.byte	27
  87 003a 01       		.byte	1
  88 003b 40       		.byte	64
  89 003c 05       		.byte	5
  90 003d 40       		.byte	64
  91 003e 01       		.byte	1
  92 003f 40       		.byte	64
  93 0040 04       		.byte	4
  94 0041 41       		.byte	65
  95 0042 01       		.byte	1
  96 0043 40       		.byte	64
  97 0044 05       		.byte	5
  98 0045 42       		.byte	66
  99 0046 01       		.byte	1
 100 0047 40       		.byte	64
 101 0048 04       		.byte	4
 102 0049 43       		.byte	67
 103 004a 01       		.byte	1
 104 004b 40       		.byte	64
 105 004c 02       		.byte	2
 106 004d 44       		.byte	68
 107 004e 01       		.byte	1
 108 004f 40       		.byte	64
 109 0050 01       		.byte	1
 110 0051 45       		.byte	69
 111 0052 01       		.byte	1
 112 0053 40       		.byte	64
 113 0054 01       		.byte	1
 114 0055 46       		.byte	70
ARM GAS  C:\Users\Simon\AppData\Local\Temp\ccDN7LQB.s 			page 3


 115 0056 01       		.byte	1
 116 0057 40       		.byte	64
 117 0058 02       		.byte	2
 118 0059 47       		.byte	71
 119 005a 01       		.byte	1
 120 005b 40       		.byte	64
 121 005c 04       		.byte	4
 122 005d 48       		.byte	72
 123 005e 01       		.byte	1
 124 005f 40       		.byte	64
 125 0060 05       		.byte	5
 126 0061 49       		.byte	73
 127 0062 01       		.byte	1
 128 0063 40       		.byte	64
 129 0064 04       		.byte	4
 130 0065 4C       		.byte	76
 131 0066 01       		.byte	1
 132 0067 40       		.byte	64
 133 0068 05       		.byte	5
 134 0069 4D       		.byte	77
 135 006a 01       		.byte	1
 136 006b 40       		.byte	64
 137 006c 08       		.byte	8
 138 006d 50       		.byte	80
 139 006e 01       		.byte	1
 140 006f 40       		.byte	64
 141 0070 01       		.byte	1
 142 0071 51       		.byte	81
 143 0072 01       		.byte	1
 144 0073 40       		.byte	64
 145 0074 09       		.byte	9
 146 0075 80       		.byte	-128
 147 0076 18       		.byte	24
 148 0077 01       		.byte	1
 149 0078 19       		.byte	25
 150 0079 01       		.byte	1
 151 007a 88       		.byte	-120
 152 007b 0D       		.byte	13
 153 007c 8B       		.byte	-117
 154 007d 0F       		.byte	15
 155 007e 89       		.byte	-119
 156 007f 38       		.byte	56
 157 0080 8A       		.byte	-118
 158 0081 72       		.byte	114
 159 0082 E2       		.byte	-30
 160 0083 08       		.byte	8
 161 0084 E6       		.byte	-26
 162 0085 02       		.byte	2
 163 0086 01       		.byte	1
 164 0087 08       		.byte	8
 165 0088 02       		.byte	2
 166 0089 03       		.byte	3
 167 008a 05       		.byte	5
 168 008b 08       		.byte	8
 169 008c 0B       		.byte	11
 170 008d 02       		.byte	2
 171 008e 0C       		.byte	12
ARM GAS  C:\Users\Simon\AppData\Local\Temp\ccDN7LQB.s 			page 4


 172 008f 01       		.byte	1
 173 0090 12       		.byte	18
 174 0091 01       		.byte	1
 175 0092 14       		.byte	20
 176 0093 02       		.byte	2
 177 0094 15       		.byte	21
 178 0095 01       		.byte	1
 179 0096 1B       		.byte	27
 180 0097 01       		.byte	1
 181 0098 1E       		.byte	30
 182 0099 02       		.byte	2
 183 009a 1F       		.byte	31
 184 009b 01       		.byte	1
 185 009c 23       		.byte	35
 186 009d 0A       		.byte	10
 187 009e 27       		.byte	39
 188 009f 01       		.byte	1
 189 00a0 29       		.byte	41
 190 00a1 01       		.byte	1
 191 00a2 2F       		.byte	47
 192 00a3 04       		.byte	4
 193 00a4 31       		.byte	49
 194 00a5 01       		.byte	1
 195 00a6 33       		.byte	51
 196 00a7 08       		.byte	8
 197 00a8 35       		.byte	53
 198 00a9 02       		.byte	2
 199 00aa 36       		.byte	54
 200 00ab 03       		.byte	3
 201 00ac 37       		.byte	55
 202 00ad 04       		.byte	4
 203 00ae 3F       		.byte	63
 204 00af 11       		.byte	17
 205 00b0 40       		.byte	64
 206 00b1 10       		.byte	16
 207 00b2 41       		.byte	65
 208 00b3 06       		.byte	6
 209 00b4 45       		.byte	69
 210 00b5 D0       		.byte	-48
 211 00b6 46       		.byte	70
 212 00b7 20       		.byte	32
 213 00b8 47       		.byte	71
 214 00b9 10       		.byte	16
 215 00ba 48       		.byte	72
 216 00bb 3A       		.byte	58
 217 00bc 49       		.byte	73
 218 00bd FF       		.byte	-1
 219 00be 4A       		.byte	74
 220 00bf FF       		.byte	-1
 221 00c0 4B       		.byte	75
 222 00c1 FF       		.byte	-1
 223 00c2 4D       		.byte	77
 224 00c3 A0       		.byte	-96
 225 00c4 4F       		.byte	79
 226 00c5 04       		.byte	4
 227 00c6 50       		.byte	80
 228 00c7 18       		.byte	24
ARM GAS  C:\Users\Simon\AppData\Local\Temp\ccDN7LQB.s 			page 5


 229 00c8 52       		.byte	82
 230 00c9 01       		.byte	1
 231 00ca 53       		.byte	83
 232 00cb 01       		.byte	1
 233 00cc 54       		.byte	84
 234 00cd 05       		.byte	5
 235 00ce 56       		.byte	86
 236 00cf 14       		.byte	20
 237 00d0 58       		.byte	88
 238 00d1 04       		.byte	4
 239 00d2 59       		.byte	89
 240 00d3 04       		.byte	4
 241 00d4 5A       		.byte	90
 242 00d5 04       		.byte	4
 243 00d6 5B       		.byte	91
 244 00d7 04       		.byte	4
 245 00d8 5F       		.byte	95
 246 00d9 01       		.byte	1
 247 00da 60       		.byte	96
 248 00db 40       		.byte	64
 249 00dc 62       		.byte	98
 250 00dd C0       		.byte	-64
 251 00de 64       		.byte	100
 252 00df 40       		.byte	64
 253 00e0 65       		.byte	101
 254 00e1 40       		.byte	64
 255 00e2 66       		.byte	102
 256 00e3 C0       		.byte	-64
 257 00e4 68       		.byte	104
 258 00e5 C0       		.byte	-64
 259 00e6 6A       		.byte	106
 260 00e7 C0       		.byte	-64
 261 00e8 6C       		.byte	108
 262 00e9 C0       		.byte	-64
 263 00ea 6E       		.byte	110
 264 00eb C0       		.byte	-64
 265 00ec 84       		.byte	-124
 266 00ed 0C       		.byte	12
 267 00ee 85       		.byte	-123
 268 00ef 03       		.byte	3
 269 00f0 88       		.byte	-120
 270 00f1 0C       		.byte	12
 271 00f2 89       		.byte	-119
 272 00f3 02       		.byte	2
 273 00f4 90       		.byte	-112
 274 00f5 08       		.byte	8
 275 00f6 92       		.byte	-110
 276 00f7 04       		.byte	4
 277 00f8 95       		.byte	-107
 278 00f9 03       		.byte	3
 279 00fa 96       		.byte	-106
 280 00fb 01       		.byte	1
 281 00fc 98       		.byte	-104
 282 00fd 04       		.byte	4
 283 00fe 9A       		.byte	-102
 284 00ff 08       		.byte	8
 285 0100 9F       		.byte	-97
ARM GAS  C:\Users\Simon\AppData\Local\Temp\ccDN7LQB.s 			page 6


 286 0101 01       		.byte	1
 287 0102 A0       		.byte	-96
 288 0103 02       		.byte	2
 289 0104 A4       		.byte	-92
 290 0105 01       		.byte	1
 291 0106 A8       		.byte	-88
 292 0107 01       		.byte	1
 293 0108 B0       		.byte	-80
 294 0109 03       		.byte	3
 295 010a B1       		.byte	-79
 296 010b 03       		.byte	3
 297 010c B4       		.byte	-76
 298 010d 0C       		.byte	12
 299 010e B8       		.byte	-72
 300 010f 02       		.byte	2
 301 0110 B9       		.byte	-71
 302 0111 02       		.byte	2
 303 0112 BF       		.byte	-65
 304 0113 01       		.byte	1
 305 0114 D2       		.byte	-46
 306 0115 80       		.byte	-128
 307 0116 D8       		.byte	-40
 308 0117 04       		.byte	4
 309 0118 D9       		.byte	-39
 310 0119 04       		.byte	4
 311 011a DB       		.byte	-37
 312 011b 04       		.byte	4
 313 011c DC       		.byte	-36
 314 011d 02       		.byte	2
 315 011e DF       		.byte	-33
 316 011f 01       		.byte	1
 317 0120 01       		.byte	1
 318 0121 14       		.byte	20
 319 0122 06       		.byte	6
 320 0123 80       		.byte	-128
 321 0124 07       		.byte	7
 322 0125 01       		.byte	1
 323 0126 08       		.byte	8
 324 0127 01       		.byte	1
 325 0128 0A       		.byte	10
 326 0129 08       		.byte	8
 327 012a 0B       		.byte	11
 328 012b 20       		.byte	32
 329 012c 0D       		.byte	13
 330 012d 80       		.byte	-128
 331 012e 0E       		.byte	14
 332 012f 40       		.byte	64
 333 0130 0F       		.byte	15
 334 0131 20       		.byte	32
 335 0132 10       		.byte	16
 336 0133 80       		.byte	-128
 337 0134 12       		.byte	18
 338 0135 08       		.byte	8
 339 0136 13       		.byte	19
 340 0137 04       		.byte	4
 341 0138 19       		.byte	25
 342 0139 01       		.byte	1
ARM GAS  C:\Users\Simon\AppData\Local\Temp\ccDN7LQB.s 			page 7


 343 013a 1A       		.byte	26
 344 013b 08       		.byte	8
 345 013c 1D       		.byte	29
 346 013d 80       		.byte	-128
 347 013e 1F       		.byte	31
 348 013f 80       		.byte	-128
 349 0140 21       		.byte	33
 350 0141 01       		.byte	1
 351 0142 24       		.byte	36
 352 0143 40       		.byte	64
 353 0144 27       		.byte	39
 354 0145 29       		.byte	41
 355 0146 2E       		.byte	46
 356 0147 40       		.byte	64
 357 0148 2F       		.byte	47
 358 0149 94       		.byte	-108
 359 014a 30       		.byte	48
 360 014b 80       		.byte	-128
 361 014c 32       		.byte	50
 362 014d 88       		.byte	-120
 363 014e 33       		.byte	51
 364 014f 04       		.byte	4
 365 0150 36       		.byte	54
 366 0151 A0       		.byte	-96
 367 0152 37       		.byte	55
 368 0153 04       		.byte	4
 369 0154 38       		.byte	56
 370 0155 08       		.byte	8
 371 0156 39       		.byte	57
 372 0157 20       		.byte	32
 373 0158 3B       		.byte	59
 374 0159 2C       		.byte	44
 375 015a 3E       		.byte	62
 376 015b 08       		.byte	8
 377 015c 3F       		.byte	63
 378 015d 22       		.byte	34
 379 015e 45       		.byte	69
 380 015f 80       		.byte	-128
 381 0160 4D       		.byte	77
 382 0161 01       		.byte	1
 383 0162 4F       		.byte	79
 384 0163 20       		.byte	32
 385 0164 56       		.byte	86
 386 0165 08       		.byte	8
 387 0166 57       		.byte	87
 388 0167 11       		.byte	17
 389 0168 5D       		.byte	93
 390 0169 01       		.byte	1
 391 016a 5E       		.byte	94
 392 016b 80       		.byte	-128
 393 016c 5F       		.byte	95
 394 016d 08       		.byte	8
 395 016e 67       		.byte	103
 396 016f 40       		.byte	64
 397 0170 6E       		.byte	110
 398 0171 40       		.byte	64
 399 0172 72       		.byte	114
ARM GAS  C:\Users\Simon\AppData\Local\Temp\ccDN7LQB.s 			page 8


 400 0173 80       		.byte	-128
 401 0174 87       		.byte	-121
 402 0175 40       		.byte	64
 403 0176 90       		.byte	-112
 404 0177 08       		.byte	8
 405 0178 91       		.byte	-111
 406 0179 20       		.byte	32
 407 017a 94       		.byte	-108
 408 017b 40       		.byte	64
 409 017c 95       		.byte	-107
 410 017d 02       		.byte	2
 411 017e 9B       		.byte	-101
 412 017f 04       		.byte	4
 413 0180 9D       		.byte	-99
 414 0181 01       		.byte	1
 415 0182 A0       		.byte	-96
 416 0183 80       		.byte	-128
 417 0184 A2       		.byte	-94
 418 0185 20       		.byte	32
 419 0186 B4       		.byte	-76
 420 0187 10       		.byte	16
 421 0188 C0       		.byte	-64
 422 0189 96       		.byte	-106
 423 018a C2       		.byte	-62
 424 018b BE       		.byte	-66
 425 018c C4       		.byte	-60
 426 018d 0E       		.byte	14
 427 018e CA       		.byte	-54
 428 018f F0       		.byte	-16
 429 0190 CC       		.byte	-52
 430 0191 7A       		.byte	122
 431 0192 CE       		.byte	-50
 432 0193 E6       		.byte	-26
 433 0194 D0       		.byte	-48
 434 0195 10       		.byte	16
 435 0196 D2       		.byte	-46
 436 0197 20       		.byte	32
 437 0198 D6       		.byte	-42
 438 0199 D0       		.byte	-48
 439 019a D8       		.byte	-40
 440 019b 80       		.byte	-128
 441 019c 02       		.byte	2
 442 019d 06       		.byte	6
 443 019e 06       		.byte	6
 444 019f 03       		.byte	3
 445 01a0 09       		.byte	9
 446 01a1 0C       		.byte	12
 447 01a2 0A       		.byte	10
 448 01a3 05       		.byte	5
 449 01a4 0B       		.byte	11
 450 01a5 03       		.byte	3
 451 01a6 13       		.byte	19
 452 01a7 0C       		.byte	12
 453 01a8 15       		.byte	21
 454 01a9 01       		.byte	1
 455 01aa 16       		.byte	22
 456 01ab 02       		.byte	2
ARM GAS  C:\Users\Simon\AppData\Local\Temp\ccDN7LQB.s 			page 9


 457 01ac 17       		.byte	23
 458 01ad 06       		.byte	6
 459 01ae 19       		.byte	25
 460 01af 01       		.byte	1
 461 01b0 1B       		.byte	27
 462 01b1 0E       		.byte	14
 463 01b2 1F       		.byte	31
 464 01b3 03       		.byte	3
 465 01b4 22       		.byte	34
 466 01b5 01       		.byte	1
 467 01b6 24       		.byte	36
 468 01b7 06       		.byte	6
 469 01b8 26       		.byte	38
 470 01b9 01       		.byte	1
 471 01ba 2B       		.byte	43
 472 01bb 08       		.byte	8
 473 01bc 34       		.byte	52
 474 01bd 07       		.byte	7
 475 01be 35       		.byte	53
 476 01bf 0F       		.byte	15
 477 01c0 3A       		.byte	58
 478 01c1 20       		.byte	32
 479 01c2 3B       		.byte	59
 480 01c3 20       		.byte	32
 481 01c4 40       		.byte	64
 482 01c5 04       		.byte	4
 483 01c6 46       		.byte	70
 484 01c7 40       		.byte	64
 485 01c8 49       		.byte	73
 486 01c9 FF       		.byte	-1
 487 01ca 4A       		.byte	74
 488 01cb 07       		.byte	7
 489 01cc 4B       		.byte	75
 490 01cd FF       		.byte	-1
 491 01ce 4C       		.byte	76
 492 01cf 40       		.byte	64
 493 01d0 4D       		.byte	77
 494 01d1 20       		.byte	32
 495 01d2 4E       		.byte	78
 496 01d3 F0       		.byte	-16
 497 01d4 4F       		.byte	79
 498 01d5 05       		.byte	5
 499 01d6 50       		.byte	80
 500 01d7 08       		.byte	8
 501 01d8 58       		.byte	88
 502 01d9 04       		.byte	4
 503 01da 59       		.byte	89
 504 01db 04       		.byte	4
 505 01dc 5A       		.byte	90
 506 01dd 04       		.byte	4
 507 01de 5C       		.byte	92
 508 01df 22       		.byte	34
 509 01e0 5D       		.byte	93
 510 01e1 02       		.byte	2
 511 01e2 5F       		.byte	95
 512 01e3 01       		.byte	1
 513 01e4 60       		.byte	96
ARM GAS  C:\Users\Simon\AppData\Local\Temp\ccDN7LQB.s 			page 10


 514 01e5 40       		.byte	64
 515 01e6 61       		.byte	97
 516 01e7 A8       		.byte	-88
 517 01e8 62       		.byte	98
 518 01e9 40       		.byte	64
 519 01ea 63       		.byte	99
 520 01eb 20       		.byte	32
 521 01ec 80       		.byte	-128
 522 01ed 12       		.byte	18
 523 01ee 82       		.byte	-126
 524 01ef 20       		.byte	32
 525 01f0 84       		.byte	-124
 526 01f1 18       		.byte	24
 527 01f2 85       		.byte	-123
 528 01f3 0A       		.byte	10
 529 01f4 86       		.byte	-122
 530 01f5 22       		.byte	34
 531 01f6 87       		.byte	-121
 532 01f7 04       		.byte	4
 533 01f8 8C       		.byte	-116
 534 01f9 01       		.byte	1
 535 01fa 92       		.byte	-110
 536 01fb 06       		.byte	6
 537 01fc 93       		.byte	-109
 538 01fd 08       		.byte	8
 539 01fe 94       		.byte	-108
 540 01ff 20       		.byte	32
 541 0200 95       		.byte	-107
 542 0201 03       		.byte	3
 543 0202 97       		.byte	-105
 544 0203 0C       		.byte	12
 545 0204 99       		.byte	-103
 546 0205 03       		.byte	3
 547 0206 9B       		.byte	-101
 548 0207 04       		.byte	4
 549 0208 9F       		.byte	-97
 550 0209 05       		.byte	5
 551 020a A0       		.byte	-96
 552 020b 28       		.byte	40
 553 020c A1       		.byte	-95
 554 020d 10       		.byte	16
 555 020e A4       		.byte	-92
 556 020f 20       		.byte	32
 557 0210 A5       		.byte	-91
 558 0211 03       		.byte	3
 559 0212 A6       		.byte	-90
 560 0213 18       		.byte	24
 561 0214 A7       		.byte	-89
 562 0215 04       		.byte	4
 563 0216 A8       		.byte	-88
 564 0217 38       		.byte	56
 565 0218 AA       		.byte	-86
 566 0219 04       		.byte	4
 567 021a B0       		.byte	-80
 568 021b 3E       		.byte	62
 569 021c B3       		.byte	-77
 570 021d 10       		.byte	16
ARM GAS  C:\Users\Simon\AppData\Local\Temp\ccDN7LQB.s 			page 11


 571 021e B4       		.byte	-76
 572 021f 01       		.byte	1
 573 0220 B5       		.byte	-75
 574 0221 0F       		.byte	15
 575 0222 B6       		.byte	-74
 576 0223 3E       		.byte	62
 577 0224 BB       		.byte	-69
 578 0225 20       		.byte	32
 579 0226 BE       		.byte	-66
 580 0227 10       		.byte	16
 581 0228 BF       		.byte	-65
 582 0229 04       		.byte	4
 583 022a C0       		.byte	-64
 584 022b 31       		.byte	49
 585 022c C1       		.byte	-63
 586 022d 06       		.byte	6
 587 022e C5       		.byte	-59
 588 022f EC       		.byte	-20
 589 0230 C6       		.byte	-58
 590 0231 0B       		.byte	11
 591 0232 C8       		.byte	-56
 592 0233 07       		.byte	7
 593 0234 C9       		.byte	-55
 594 0235 FF       		.byte	-1
 595 0236 CA       		.byte	-54
 596 0237 FF       		.byte	-1
 597 0238 CB       		.byte	-53
 598 0239 FF       		.byte	-1
 599 023a CE       		.byte	-50
 600 023b F0       		.byte	-16
 601 023c CF       		.byte	-49
 602 023d 44       		.byte	68
 603 023e D0       		.byte	-48
 604 023f 0C       		.byte	12
 605 0240 D4       		.byte	-44
 606 0241 01       		.byte	1
 607 0242 D6       		.byte	-42
 608 0243 04       		.byte	4
 609 0244 D8       		.byte	-40
 610 0245 04       		.byte	4
 611 0246 D9       		.byte	-39
 612 0247 04       		.byte	4
 613 0248 DA       		.byte	-38
 614 0249 04       		.byte	4
 615 024a DB       		.byte	-37
 616 024b 04       		.byte	4
 617 024c DC       		.byte	-36
 618 024d 22       		.byte	34
 619 024e DD       		.byte	-35
 620 024f 22       		.byte	34
 621 0250 DF       		.byte	-33
 622 0251 01       		.byte	1
 623 0252 E6       		.byte	-26
 624 0253 C0       		.byte	-64
 625 0254 EA       		.byte	-22
 626 0255 40       		.byte	64
 627 0256 EB       		.byte	-21
ARM GAS  C:\Users\Simon\AppData\Local\Temp\ccDN7LQB.s 			page 12


 628 0257 02       		.byte	2
 629 0258 01       		.byte	1
 630 0259 02       		.byte	2
 631 025a 03       		.byte	3
 632 025b 24       		.byte	36
 633 025c 04       		.byte	4
 634 025d 88       		.byte	-120
 635 025e 05       		.byte	5
 636 025f 01       		.byte	1
 637 0260 0B       		.byte	11
 638 0261 20       		.byte	32
 639 0262 0C       		.byte	12
 640 0263 04       		.byte	4
 641 0264 0E       		.byte	14
 642 0265 80       		.byte	-128
 643 0266 10       		.byte	16
 644 0267 80       		.byte	-128
 645 0268 13       		.byte	19
 646 0269 08       		.byte	8
 647 026a 15       		.byte	21
 648 026b 20       		.byte	32
 649 026c 16       		.byte	22
 650 026d 80       		.byte	-128
 651 026e 17       		.byte	23
 652 026f 04       		.byte	4
 653 0270 18       		.byte	24
 654 0271 08       		.byte	8
 655 0272 1B       		.byte	27
 656 0273 20       		.byte	32
 657 0274 1E       		.byte	30
 658 0275 88       		.byte	-120
 659 0276 1F       		.byte	31
 660 0277 80       		.byte	-128
 661 0278 20       		.byte	32
 662 0279 08       		.byte	8
 663 027a 21       		.byte	33
 664 027b 10       		.byte	16
 665 027c 23       		.byte	35
 666 027d 08       		.byte	8
 667 027e 24       		.byte	36
 668 027f 20       		.byte	32
 669 0280 27       		.byte	39
 670 0281 04       		.byte	4
 671 0282 28       		.byte	40
 672 0283 04       		.byte	4
 673 0284 2A       		.byte	42
 674 0285 10       		.byte	16
 675 0286 2F       		.byte	47
 676 0287 A0       		.byte	-96
 677 0288 30       		.byte	48
 678 0289 80       		.byte	-128
 679 028a 31       		.byte	49
 680 028b 81       		.byte	-127
 681 028c 33       		.byte	51
 682 028d 24       		.byte	36
 683 028e 35       		.byte	53
 684 028f 03       		.byte	3
ARM GAS  C:\Users\Simon\AppData\Local\Temp\ccDN7LQB.s 			page 13


 685 0290 36       		.byte	54
 686 0291 A0       		.byte	-96
 687 0292 37       		.byte	55
 688 0293 24       		.byte	36
 689 0294 39       		.byte	57
 690 0295 20       		.byte	32
 691 0296 3C       		.byte	60
 692 0297 08       		.byte	8
 693 0298 41       		.byte	65
 694 0299 01       		.byte	1
 695 029a 45       		.byte	69
 696 029b 80       		.byte	-128
 697 029c 47       		.byte	71
 698 029d 04       		.byte	4
 699 029e 48       		.byte	72
 700 029f 80       		.byte	-128
 701 02a0 4A       		.byte	74
 702 02a1 80       		.byte	-128
 703 02a2 4C       		.byte	76
 704 02a3 44       		.byte	68
 705 02a4 4D       		.byte	77
 706 02a5 01       		.byte	1
 707 02a6 4E       		.byte	78
 708 02a7 20       		.byte	32
 709 02a8 52       		.byte	82
 710 02a9 10       		.byte	16
 711 02aa 53       		.byte	83
 712 02ab 10       		.byte	16
 713 02ac 56       		.byte	86
 714 02ad 80       		.byte	-128
 715 02ae 5C       		.byte	92
 716 02af 40       		.byte	64
 717 02b0 5D       		.byte	93
 718 02b1 01       		.byte	1
 719 02b2 5E       		.byte	94
 720 02b3 08       		.byte	8
 721 02b4 5F       		.byte	95
 722 02b5 20       		.byte	32
 723 02b6 67       		.byte	103
 724 02b7 80       		.byte	-128
 725 02b8 87       		.byte	-121
 726 02b9 40       		.byte	64
 727 02ba C0       		.byte	-64
 728 02bb BE       		.byte	-66
 729 02bc C2       		.byte	-62
 730 02bd 34       		.byte	52
 731 02be C4       		.byte	-60
 732 02bf 7C       		.byte	124
 733 02c0 CA       		.byte	-54
 734 02c1 C4       		.byte	-60
 735 02c2 CC       		.byte	-52
 736 02c3 FF       		.byte	-1
 737 02c4 CE       		.byte	-50
 738 02c5 44       		.byte	68
 739 02c6 D0       		.byte	-48
 740 02c7 51       		.byte	81
 741 02c8 D2       		.byte	-46
ARM GAS  C:\Users\Simon\AppData\Local\Temp\ccDN7LQB.s 			page 14


 742 02c9 20       		.byte	32
 743 02ca D6       		.byte	-42
 744 02cb F0       		.byte	-16
 745 02cc D8       		.byte	-40
 746 02cd 80       		.byte	-128
 747 02ce EE       		.byte	-18
 748 02cf 02       		.byte	2
 749 02d0 EA       		.byte	-22
 750 02d1 01       		.byte	1
 751 02d2 01       		.byte	1
 752 02d3 01       		.byte	1
 753 02d4 05       		.byte	5
 754 02d5 01       		.byte	1
 755 02d6 1C       		.byte	28
 756 02d7 01       		.byte	1
 757 02d8 28       		.byte	40
 758 02d9 01       		.byte	1
 759 02da 2C       		.byte	44
 760 02db 01       		.byte	1
 761 02dc 30       		.byte	48
 762 02dd 01       		.byte	1
 763 02de 31       		.byte	49
 764 02df 01       		.byte	1
 765 02e0 56       		.byte	86
 766 02e1 08       		.byte	8
 767 02e2 58       		.byte	88
 768 02e3 04       		.byte	4
 769 02e4 59       		.byte	89
 770 02e5 04       		.byte	4
 771 02e6 5B       		.byte	91
 772 02e7 04       		.byte	4
 773 02e8 5D       		.byte	93
 774 02e9 90       		.byte	-112
 775 02ea 5F       		.byte	95
 776 02eb 01       		.byte	1
 777 02ec 00       		.byte	0
 778 02ed 40       		.byte	64
 779 02ee 01       		.byte	1
 780 02ef 24       		.byte	36
 781 02f0 08       		.byte	8
 782 02f1 11       		.byte	17
 783 02f2 09       		.byte	9
 784 02f3 08       		.byte	8
 785 02f4 0A       		.byte	10
 786 02f5 08       		.byte	8
 787 02f6 0B       		.byte	11
 788 02f7 02       		.byte	2
 789 02f8 0F       		.byte	15
 790 02f9 02       		.byte	2
 791 02fa 11       		.byte	17
 792 02fb 10       		.byte	16
 793 02fc 12       		.byte	18
 794 02fd 60       		.byte	96
 795 02fe 16       		.byte	22
 796 02ff 08       		.byte	8
 797 0300 17       		.byte	23
 798 0301 80       		.byte	-128
ARM GAS  C:\Users\Simon\AppData\Local\Temp\ccDN7LQB.s 			page 15


 799 0302 18       		.byte	24
 800 0303 01       		.byte	1
 801 0304 19       		.byte	25
 802 0305 29       		.byte	41
 803 0306 1E       		.byte	30
 804 0307 80       		.byte	-128
 805 0308 21       		.byte	33
 806 0309 89       		.byte	-119
 807 030a 23       		.byte	35
 808 030b 04       		.byte	4
 809 030c 27       		.byte	39
 810 030d 80       		.byte	-128
 811 030e 2A       		.byte	42
 812 030f 40       		.byte	64
 813 0310 31       		.byte	49
 814 0311 58       		.byte	88
 815 0312 32       		.byte	50
 816 0313 80       		.byte	-128
 817 0314 38       		.byte	56
 818 0315 60       		.byte	96
 819 0316 39       		.byte	57
 820 0317 02       		.byte	2
 821 0318 3B       		.byte	59
 822 0319 08       		.byte	8
 823 031a 3E       		.byte	62
 824 031b 08       		.byte	8
 825 031c 3F       		.byte	63
 826 031d 02       		.byte	2
 827 031e 40       		.byte	64
 828 031f 05       		.byte	5
 829 0320 41       		.byte	65
 830 0321 08       		.byte	8
 831 0322 49       		.byte	73
 832 0323 50       		.byte	80
 833 0324 50       		.byte	80
 834 0325 10       		.byte	16
 835 0326 53       		.byte	83
 836 0327 04       		.byte	4
 837 0328 59       		.byte	89
 838 0329 01       		.byte	1
 839 032a 5E       		.byte	94
 840 032b 40       		.byte	64
 841 032c 61       		.byte	97
 842 032d 80       		.byte	-128
 843 032e 63       		.byte	99
 844 032f 44       		.byte	68
 845 0330 64       		.byte	100
 846 0331 01       		.byte	1
 847 0332 88       		.byte	-120
 848 0333 12       		.byte	18
 849 0334 8E       		.byte	-114
 850 0335 40       		.byte	64
 851 0336 92       		.byte	-110
 852 0337 08       		.byte	8
 853 0338 95       		.byte	-107
 854 0339 14       		.byte	20
 855 033a 9A       		.byte	-102
ARM GAS  C:\Users\Simon\AppData\Local\Temp\ccDN7LQB.s 			page 16


 856 033b 08       		.byte	8
 857 033c 9C       		.byte	-100
 858 033d 01       		.byte	1
 859 033e A3       		.byte	-93
 860 033f 01       		.byte	1
 861 0340 A6       		.byte	-90
 862 0341 40       		.byte	64
 863 0342 AB       		.byte	-85
 864 0343 20       		.byte	32
 865 0344 C0       		.byte	-64
 866 0345 07       		.byte	7
 867 0346 C2       		.byte	-62
 868 0347 8F       		.byte	-113
 869 0348 C4       		.byte	-60
 870 0349 CE       		.byte	-50
 871 034a CA       		.byte	-54
 872 034b 08       		.byte	8
 873 034c CC       		.byte	-52
 874 034d 0E       		.byte	14
 875 034e CE       		.byte	-50
 876 034f CF       		.byte	-49
 877 0350 D0       		.byte	-48
 878 0351 0E       		.byte	14
 879 0352 D2       		.byte	-46
 880 0353 0C       		.byte	12
 881 0354 D6       		.byte	-42
 882 0355 11       		.byte	17
 883 0356 D8       		.byte	-40
 884 0357 1D       		.byte	29
 885 0358 00       		.byte	0
 886 0359 4F       		.byte	79
 887 035a 02       		.byte	2
 888 035b 90       		.byte	-112
 889 035c 05       		.byte	5
 890 035d 01       		.byte	1
 891 035e 06       		.byte	6
 892 035f 40       		.byte	64
 893 0360 08       		.byte	8
 894 0361 03       		.byte	3
 895 0362 09       		.byte	9
 896 0363 08       		.byte	8
 897 0364 0C       		.byte	12
 898 0365 4C       		.byte	76
 899 0366 0D       		.byte	13
 900 0367 1E       		.byte	30
 901 0368 0E       		.byte	14
 902 0369 A3       		.byte	-93
 903 036a 10       		.byte	16
 904 036b 01       		.byte	1
 905 036c 11       		.byte	17
 906 036d 01       		.byte	1
 907 036e 14       		.byte	20
 908 036f FF       		.byte	-1
 909 0370 15       		.byte	21
 910 0371 1E       		.byte	30
 911 0372 18       		.byte	24
 912 0373 04       		.byte	4
ARM GAS  C:\Users\Simon\AppData\Local\Temp\ccDN7LQB.s 			page 17


 913 0374 1B       		.byte	27
 914 0375 04       		.byte	4
 915 0376 1C       		.byte	28
 916 0377 F3       		.byte	-13
 917 0378 1D       		.byte	29
 918 0379 10       		.byte	16
 919 037a 1E       		.byte	30
 920 037b 0C       		.byte	12
 921 037c 20       		.byte	32
 922 037d 08       		.byte	8
 923 037e 21       		.byte	33
 924 037f 01       		.byte	1
 925 0380 25       		.byte	37
 926 0381 18       		.byte	24
 927 0382 26       		.byte	38
 928 0383 B3       		.byte	-77
 929 0384 28       		.byte	40
 930 0385 0C       		.byte	12
 931 0386 29       		.byte	41
 932 0387 06       		.byte	6
 933 0388 2B       		.byte	43
 934 0389 18       		.byte	24
 935 038a 2C       		.byte	44
 936 038b 42       		.byte	66
 937 038c 2D       		.byte	45
 938 038d 1A       		.byte	26
 939 038e 2F       		.byte	47
 940 038f 04       		.byte	4
 941 0390 30       		.byte	48
 942 0391 7C       		.byte	124
 943 0392 33       		.byte	51
 944 0393 02       		.byte	2
 945 0394 34       		.byte	52
 946 0395 0F       		.byte	15
 947 0396 35       		.byte	53
 948 0397 01       		.byte	1
 949 0398 36       		.byte	54
 950 0399 8C       		.byte	-116
 951 039a 37       		.byte	55
 952 039b 1C       		.byte	28
 953 039c 3A       		.byte	58
 954 039d A2       		.byte	-94
 955 039e 3F       		.byte	63
 956 039f 04       		.byte	4
 957 03a0 40       		.byte	64
 958 03a1 10       		.byte	16
 959 03a2 41       		.byte	65
 960 03a3 03       		.byte	3
 961 03a4 49       		.byte	73
 962 03a5 FF       		.byte	-1
 963 03a6 4A       		.byte	74
 964 03a7 FF       		.byte	-1
 965 03a8 4B       		.byte	75
 966 03a9 FF       		.byte	-1
 967 03aa 4D       		.byte	77
 968 03ab A0       		.byte	-96
 969 03ac 4F       		.byte	79
ARM GAS  C:\Users\Simon\AppData\Local\Temp\ccDN7LQB.s 			page 18


 970 03ad 04       		.byte	4
 971 03ae 50       		.byte	80
 972 03af 18       		.byte	24
 973 03b0 56       		.byte	86
 974 03b1 02       		.byte	2
 975 03b2 57       		.byte	87
 976 03b3 12       		.byte	18
 977 03b4 58       		.byte	88
 978 03b5 04       		.byte	4
 979 03b6 59       		.byte	89
 980 03b7 04       		.byte	4
 981 03b8 5A       		.byte	90
 982 03b9 04       		.byte	4
 983 03ba 5B       		.byte	91
 984 03bb 04       		.byte	4
 985 03bc 5C       		.byte	92
 986 03bd 22       		.byte	34
 987 03be 5D       		.byte	93
 988 03bf 21       		.byte	33
 989 03c0 5F       		.byte	95
 990 03c1 01       		.byte	1
 991 03c2 60       		.byte	96
 992 03c3 40       		.byte	64
 993 03c4 62       		.byte	98
 994 03c5 C0       		.byte	-64
 995 03c6 64       		.byte	100
 996 03c7 40       		.byte	64
 997 03c8 65       		.byte	101
 998 03c9 40       		.byte	64
 999 03ca 66       		.byte	102
 1000 03cb C0       		.byte	-64
 1001 03cc 68       		.byte	104
 1002 03cd C0       		.byte	-64
 1003 03ce 6A       		.byte	106
 1004 03cf C0       		.byte	-64
 1005 03d0 6C       		.byte	108
 1006 03d1 C0       		.byte	-64
 1007 03d2 6E       		.byte	110
 1008 03d3 C0       		.byte	-64
 1009 03d4 87       		.byte	-121
 1010 03d5 01       		.byte	1
 1011 03d6 A3       		.byte	-93
 1012 03d7 01       		.byte	1
 1013 03d8 AE       		.byte	-82
 1014 03d9 01       		.byte	1
 1015 03da B6       		.byte	-74
 1016 03db 01       		.byte	1
 1017 03dc B7       		.byte	-73
 1018 03dd 01       		.byte	1
 1019 03de C0       		.byte	-64
 1020 03df 10       		.byte	16
 1021 03e0 C1       		.byte	-63
 1022 03e1 03       		.byte	3
 1023 03e2 C5       		.byte	-59
 1024 03e3 01       		.byte	1
 1025 03e4 C6       		.byte	-58
 1026 03e5 20       		.byte	32
ARM GAS  C:\Users\Simon\AppData\Local\Temp\ccDN7LQB.s 			page 19


 1027 03e6 C8       		.byte	-56
 1028 03e7 09       		.byte	9
 1029 03e8 C9       		.byte	-55
 1030 03e9 FF       		.byte	-1
 1031 03ea CA       		.byte	-54
 1032 03eb FF       		.byte	-1
 1033 03ec CB       		.byte	-53
 1034 03ed FF       		.byte	-1
 1035 03ee CD       		.byte	-51
 1036 03ef AF       		.byte	-81
 1037 03f0 CE       		.byte	-50
 1038 03f1 0F       		.byte	15
 1039 03f2 CF       		.byte	-49
 1040 03f3 04       		.byte	4
 1041 03f4 D0       		.byte	-48
 1042 03f5 18       		.byte	24
 1043 03f6 D2       		.byte	-46
 1044 03f7 80       		.byte	-128
 1045 03f8 D8       		.byte	-40
 1046 03f9 04       		.byte	4
 1047 03fa D9       		.byte	-39
 1048 03fb 04       		.byte	4
 1049 03fc DA       		.byte	-38
 1050 03fd 04       		.byte	4
 1051 03fe DB       		.byte	-37
 1052 03ff 04       		.byte	4
 1053 0400 DC       		.byte	-36
 1054 0401 11       		.byte	17
 1055 0402 DD       		.byte	-35
 1056 0403 11       		.byte	17
 1057 0404 DF       		.byte	-33
 1058 0405 01       		.byte	1
 1059 0406 E0       		.byte	-32
 1060 0407 40       		.byte	64
 1061 0408 E2       		.byte	-30
 1062 0409 C0       		.byte	-64
 1063 040a E4       		.byte	-28
 1064 040b 40       		.byte	64
 1065 040c E5       		.byte	-27
 1066 040d 40       		.byte	64
 1067 040e E6       		.byte	-26
 1068 040f C0       		.byte	-64
 1069 0410 E8       		.byte	-24
 1070 0411 C0       		.byte	-64
 1071 0412 EA       		.byte	-22
 1072 0413 C0       		.byte	-64
 1073 0414 EC       		.byte	-20
 1074 0415 C0       		.byte	-64
 1075 0416 EE       		.byte	-18
 1076 0417 C0       		.byte	-64
 1077 0418 00       		.byte	0
 1078 0419 40       		.byte	64
 1079 041a 01       		.byte	1
 1080 041b 28       		.byte	40
 1081 041c 02       		.byte	2
 1082 041d 40       		.byte	64
 1083 041e 08       		.byte	8
ARM GAS  C:\Users\Simon\AppData\Local\Temp\ccDN7LQB.s 			page 20


 1084 041f 02       		.byte	2
 1085 0420 09       		.byte	9
 1086 0421 08       		.byte	8
 1087 0422 0A       		.byte	10
 1088 0423 04       		.byte	4
 1089 0424 0B       		.byte	11
 1090 0425 02       		.byte	2
 1091 0426 10       		.byte	16
 1092 0427 01       		.byte	1
 1093 0428 12       		.byte	18
 1094 0429 20       		.byte	32
 1095 042a 13       		.byte	19
 1096 042b 22       		.byte	34
 1097 042c 17       		.byte	23
 1098 042d 80       		.byte	-128
 1099 042e 18       		.byte	24
 1100 042f 40       		.byte	64
 1101 0430 19       		.byte	25
 1102 0431 90       		.byte	-112
 1103 0432 1D       		.byte	29
 1104 0433 80       		.byte	-128
 1105 0434 1F       		.byte	31
 1106 0435 40       		.byte	64
 1107 0436 20       		.byte	32
 1108 0437 04       		.byte	4
 1109 0438 22       		.byte	34
 1110 0439 A4       		.byte	-92
 1111 043a 25       		.byte	37
 1112 043b 40       		.byte	64
 1113 043c 29       		.byte	41
 1114 043d 96       		.byte	-106
 1115 043e 2A       		.byte	42
 1116 043f 40       		.byte	64
 1117 0440 2F       		.byte	47
 1118 0441 40       		.byte	64
 1119 0442 30       		.byte	48
 1120 0443 80       		.byte	-128
 1121 0444 31       		.byte	49
 1122 0445 08       		.byte	8
 1123 0446 32       		.byte	50
 1124 0447 20       		.byte	32
 1125 0448 33       		.byte	51
 1126 0449 01       		.byte	1
 1127 044a 38       		.byte	56
 1128 044b 60       		.byte	96
 1129 044c 39       		.byte	57
 1130 044d 04       		.byte	4
 1131 044e 3F       		.byte	63
 1132 044f 04       		.byte	4
 1133 0450 41       		.byte	65
 1134 0451 80       		.byte	-128
 1135 0452 42       		.byte	66
 1136 0453 20       		.byte	32
 1137 0454 45       		.byte	69
 1138 0455 80       		.byte	-128
 1139 0456 46       		.byte	70
 1140 0457 20       		.byte	32
ARM GAS  C:\Users\Simon\AppData\Local\Temp\ccDN7LQB.s 			page 21


 1141 0458 4F       		.byte	79
 1142 0459 04       		.byte	4
 1143 045a 56       		.byte	86
 1144 045b 20       		.byte	32
 1145 045c 5A       		.byte	90
 1146 045d 08       		.byte	8
 1147 045e 69       		.byte	105
 1148 045f 14       		.byte	20
 1149 0460 6B       		.byte	107
 1150 0461 01       		.byte	1
 1151 0462 70       		.byte	112
 1152 0463 90       		.byte	-112
 1153 0464 71       		.byte	113
 1154 0465 04       		.byte	4
 1155 0466 72       		.byte	114
 1156 0467 04       		.byte	4
 1157 0468 73       		.byte	115
 1158 0469 22       		.byte	34
 1159 046a 77       		.byte	119
 1160 046b 80       		.byte	-128
 1161 046c 81       		.byte	-127
 1162 046d 10       		.byte	16
 1163 046e 83       		.byte	-125
 1164 046f 01       		.byte	1
 1165 0470 85       		.byte	-123
 1166 0471 52       		.byte	82
 1167 0472 94       		.byte	-108
 1168 0473 44       		.byte	68
 1169 0474 95       		.byte	-107
 1170 0475 14       		.byte	20
 1171 0476 97       		.byte	-105
 1172 0477 02       		.byte	2
 1173 0478 98       		.byte	-104
 1174 0479 03       		.byte	3
 1175 047a 99       		.byte	-103
 1176 047b 28       		.byte	40
 1177 047c 9D       		.byte	-99
 1178 047d 10       		.byte	16
 1179 047e 9E       		.byte	-98
 1180 047f 40       		.byte	64
 1181 0480 A1       		.byte	-95
 1182 0481 08       		.byte	8
 1183 0482 A6       		.byte	-90
 1184 0483 A0       		.byte	-96
 1185 0484 AF       		.byte	-81
 1186 0485 40       		.byte	64
 1187 0486 C0       		.byte	-64
 1188 0487 0F       		.byte	15
 1189 0488 C2       		.byte	-62
 1190 0489 0F       		.byte	15
 1191 048a C4       		.byte	-60
 1192 048b 8F       		.byte	-113
 1193 048c CA       		.byte	-54
 1194 048d 8F       		.byte	-113
 1195 048e CC       		.byte	-52
 1196 048f 0F       		.byte	15
 1197 0490 CE       		.byte	-50
ARM GAS  C:\Users\Simon\AppData\Local\Temp\ccDN7LQB.s 			page 22


 1198 0491 4E       		.byte	78
 1199 0492 D0       		.byte	-48
 1200 0493 5A       		.byte	90
 1201 0494 D6       		.byte	-42
 1202 0495 02       		.byte	2
 1203 0496 E0       		.byte	-32
 1204 0497 02       		.byte	2
 1205 0498 30       		.byte	48
 1206 0499 10       		.byte	16
 1207 049a 33       		.byte	51
 1208 049b 08       		.byte	8
 1209 049c 34       		.byte	52
 1210 049d 02       		.byte	2
 1211 049e 35       		.byte	53
 1212 049f 80       		.byte	-128
 1213 04a0 CC       		.byte	-52
 1214 04a1 F0       		.byte	-16
 1215 04a2 9C       		.byte	-100
 1216 04a3 10       		.byte	16
 1217 04a4 9D       		.byte	-99
 1218 04a5 80       		.byte	-128
 1219 04a6 A7       		.byte	-89
 1220 04a7 08       		.byte	8
 1221 04a8 AC       		.byte	-84
 1222 04a9 12       		.byte	18
 1223 04aa 85       		.byte	-123
 1224 04ab 80       		.byte	-128
 1225 04ac 9C       		.byte	-100
 1226 04ad 10       		.byte	16
 1227 04ae 9D       		.byte	-99
 1228 04af 80       		.byte	-128
 1229 04b0 A7       		.byte	-89
 1230 04b1 08       		.byte	8
 1231 04b2 E2       		.byte	-30
 1232 04b3 10       		.byte	16
 1233 04b4 87       		.byte	-121
 1234 04b5 08       		.byte	8
 1235 04b6 9C       		.byte	-100
 1236 04b7 10       		.byte	16
 1237 04b8 A7       		.byte	-89
 1238 04b9 08       		.byte	8
 1239 04ba E6       		.byte	-26
 1240 04bb 40       		.byte	64
 1241 04bc 71       		.byte	113
 1242 04bd 01       		.byte	1
 1243 04be DC       		.byte	-36
 1244 04bf 01       		.byte	1
 1245 04c0 9D       		.byte	-99
 1246 04c1 01       		.byte	1
 1247 04c2 9D       		.byte	-99
 1248 04c3 01       		.byte	1
 1249 04c4 B5       		.byte	-75
 1250 04c5 01       		.byte	1
 1251 04c6 EC       		.byte	-20
 1252 04c7 02       		.byte	2
 1253 04c8 9B       		.byte	-101
 1254 04c9 20       		.byte	32
ARM GAS  C:\Users\Simon\AppData\Local\Temp\ccDN7LQB.s 			page 23


 1255 04ca 9C       		.byte	-100
 1256 04cb 10       		.byte	16
 1257 04cc AB       		.byte	-85
 1258 04cd 20       		.byte	32
 1259 04ce EA       		.byte	-22
 1260 04cf 80       		.byte	-128
 1261 04d0 5F       		.byte	95
 1262 04d1 20       		.byte	32
 1263 04d2 9B       		.byte	-101
 1264 04d3 20       		.byte	32
 1265 04d4 AC       		.byte	-84
 1266 04d5 10       		.byte	16
 1267 04d6 D6       		.byte	-42
 1268 04d7 20       		.byte	32
 1269 04d8 EE       		.byte	-18
 1270 04d9 40       		.byte	64
 1271 04da 61       		.byte	97
 1272 04db 02       		.byte	2
 1273 04dc 8F       		.byte	-113
 1274 04dd 08       		.byte	8
 1275 04de D8       		.byte	-40
 1276 04df 02       		.byte	2
 1277 04e0 E6       		.byte	-26
 1278 04e1 02       		.byte	2
 1279 04e2 13       		.byte	19
 1280 04e3 08       		.byte	8
 1281 04e4 85       		.byte	-123
 1282 04e5 02       		.byte	2
 1283 04e6 9F       		.byte	-97
 1284 04e7 08       		.byte	8
 1285 04e8 A5       		.byte	-91
 1286 04e9 02       		.byte	2
 1287 04ea C4       		.byte	-60
 1288 04eb 08       		.byte	8
 1289 04ec 00       		.byte	0
 1290 04ed 05       		.byte	5
 1291 04ee 02       		.byte	2
 1292 04ef 14       		.byte	20
 1293 04f0 0C       		.byte	12
 1294 04f1 05       		.byte	5
 1295 04f2 10       		.byte	16
 1296 04f3 07       		.byte	7
 1297 04f4 11       		.byte	17
 1298 04f5 01       		.byte	1
 1299 04f6 12       		.byte	18
 1300 04f7 14       		.byte	20
 1301 04f8 1C       		.byte	28
 1302 04f9 07       		.byte	7
 1303 04fa 1D       		.byte	29
 1304 04fb 01       		.byte	1
 1305 04fc 00       		.byte	0
 1306 04fd FF       		.byte	-1
 1307 04fe 00       		.byte	0
 1308 04ff 00       		.byte	0
 1309 0500 00       		.byte	0
 1310 0501 00       		.byte	0
 1311 0502 00       		.byte	0
ARM GAS  C:\Users\Simon\AppData\Local\Temp\ccDN7LQB.s 			page 24


 1312 0503 04       		.byte	4
 1313 0504 07       		.byte	7
 1314 0505 00       		.byte	0
 1315 0506 00       		.byte	0
 1316 0507 04       		.byte	4
 1317 0508 19       		.byte	25
 1318 0509 00       		.byte	0
 1319 050a 46       		.byte	70
 1320 050b 01       		.byte	1
 1321 050c 00       		.byte	0
 1322 050d 00       		.byte	0
 1323 050e 18       		.byte	24
 1324 050f 02       		.byte	2
 1325 0510 14       		.byte	20
 1326 0511 00       		.byte	0
 1327 0512 A1       		.byte	-95
 1328 0513 00       		.byte	0
 1329 0514 18       		.byte	24
 1330 0515 02       		.byte	2
 1331 0516 00       		.byte	0
 1332 0517 00       		.byte	0
 1333 0518 0A       		.byte	10
 1334 0519 02       		.byte	2
 1335 051a 81       		.byte	-127
 1336 051b 00       		.byte	0
 1337 051c 18       		.byte	24
 1338 051d 00       		.byte	0
 1339 051e 00       		.byte	0
 1340 051f 01       		.byte	1
 1341 0520 00       		.byte	0
 1342 0521 00       		.byte	0
 1343 0522 18       		.byte	24
 1344 0523 00       		.byte	0
 1345 0524 00       		.byte	0
 1346 0525 00       		.byte	0
 1347 0526 18       		.byte	24
 1348 0527 00       		.byte	0
 1349 0528 07       		.byte	7
 1350 0529 00       		.byte	0
 1351 052a 00       		.byte	0
 1352 052b 00       		.byte	0
 1353 052c 00       		.byte	0
 1354 052d 00       		.byte	0
 1355 052e 00       		.byte	0
 1356 052f 02       		.byte	2
 1357 0530 18       		.byte	24
 1358 0531 02       		.byte	2
 1359 0532 20       		.byte	32
 1360 0533 00       		.byte	0
 1361 0534 07       		.byte	7
 1362 0535 04       		.byte	4
 1363 0536 C0       		.byte	-64
 1364 0537 01       		.byte	1
 1365 0538 00       		.byte	0
 1366 0539 02       		.byte	2
 1367 053a 00       		.byte	0
 1368 053b 08       		.byte	8
ARM GAS  C:\Users\Simon\AppData\Local\Temp\ccDN7LQB.s 			page 25


 1369 053c 00       		.byte	0
 1370 053d 00       		.byte	0
 1371 053e 40       		.byte	64
 1372 053f 50       		.byte	80
 1373 0540 62       		.byte	98
 1374 0541 03       		.byte	3
 1375 0542 05       		.byte	5
 1376 0543 00       		.byte	0
 1377 0544 01       		.byte	1
 1378 0545 00       		.byte	0
 1379 0546 C0       		.byte	-64
 1380 0547 0E       		.byte	14
 1381 0548 18       		.byte	24
 1382 0549 FF       		.byte	-1
 1383 054a FF       		.byte	-1
 1384 054b FF       		.byte	-1
 1385 054c 62       		.byte	98
 1386 054d A0       		.byte	-96
 1387 054e F0       		.byte	-16
 1388 054f 41       		.byte	65
 1389 0550 0C       		.byte	12
 1390 0551 00       		.byte	0
 1391 0552 00       		.byte	0
 1392 0553 00       		.byte	0
 1393 0554 18       		.byte	24
 1394 0555 00       		.byte	0
 1395 0556 04       		.byte	4
 1396 0557 00       		.byte	0
 1397 0558 04       		.byte	4
 1398 0559 04       		.byte	4
 1399 055a 04       		.byte	4
 1400 055b 04       		.byte	4
 1401 055c 22       		.byte	34
 1402 055d 22       		.byte	34
 1403 055e 00       		.byte	0
 1404 055f 01       		.byte	1
 1405 0560 00       		.byte	0
 1406 0561 00       		.byte	0
 1407 0562 00       		.byte	0
 1408 0563 00       		.byte	0
 1409 0564 00       		.byte	0
 1410 0565 00       		.byte	0
 1411 0566 40       		.byte	64
 1412 0567 02       		.byte	2
 1413 0568 00       		.byte	0
 1414 0569 10       		.byte	16
 1415 056a 30       		.byte	48
 1416 056b 10       		.byte	16
 1417 056c 00       		.byte	0
 1418 056d 10       		.byte	16
 1419 056e 10       		.byte	16
 1420 056f 12       		.byte	18
 1421 0570 00       		.byte	0
 1422 0571 00       		.byte	0
 1423 0572 00       		.byte	0
 1424 0573 00       		.byte	0
 1425 0574 00       		.byte	0
ARM GAS  C:\Users\Simon\AppData\Local\Temp\ccDN7LQB.s 			page 26


 1426 0575 00       		.byte	0
 1427 0576 00       		.byte	0
 1428 0577 00       		.byte	0
 1429 0578 00       		.byte	0
 1430 0579 00       		.byte	0
 1431 057a 00       		.byte	0
 1432 057b 00       		.byte	0
 1433 057c 00       		.byte	0
 1434 057d 00       		.byte	0
 1435 057e 00       		.byte	0
 1436 057f 00       		.byte	0
 1437 0580 40       		.byte	64
 1438 0581 A0       		.byte	-96
 1439 0582 A0       		.byte	-96
 1440 0583 00       		.byte	0
 1441 0584 00       		.byte	0
 1442 0585 00       		.byte	0
 1443 0586 00       		.byte	0
 1444 0587 00       		.byte	0
 1445 0588 80       		.byte	-128
 1446 0589 00       		.byte	0
 1447 058a 40       		.byte	64
 1448 058b 80       		.byte	-128
 1449 058c 80       		.byte	-128
 1450 058d 00       		.byte	0
 1451 058e 80       		.byte	-128
 1452 058f 00       		.byte	0
 1453 0590 00       		.byte	0
 1454 0591 00       		.byte	0
 1455 0592 00       		.byte	0
 1456 0593 00       		.byte	0
 1457 0594 00       		.byte	0
 1458 0595 8B       		.byte	-117
 1459 0596 8B       		.byte	-117
 1460 0597 00       		.byte	0
 1461 0598 80       		.byte	-128
 1462 0599 00       		.byte	0
 1463 059a 00       		.byte	0
 1464 059b 00       		.byte	0
 1465 059c 00       		.byte	0
 1466 059d 7A       		.byte	122
 1467 059e 7A       		.byte	122
 1468 059f 00       		.byte	0
 1469 05a0 00       		.byte	0
 1470 05a1 00       		.byte	0
 1471 05a2 00       		.byte	0
 1472 05a3 00       		.byte	0
 1473 05a4 00       		.byte	0
 1474 05a5 7B       		.byte	123
 1475 05a6 7B       		.byte	123
 1476 05a7 00       		.byte	0
 1477 05a8 01       		.byte	1
 1478 05a9 00       		.byte	0
 1479 05aa 00       		.byte	0
 1480 05ab 00       		.byte	0
 1481              		.section	.cywolatch,"a",%progbits
 1482              		.align	2
ARM GAS  C:\Users\Simon\AppData\Local\Temp\ccDN7LQB.s 			page 27


 1483              		.type	cy_meta_wonvl, %object
 1484              		.size	cy_meta_wonvl, 4
 1485              	cy_meta_wonvl:
 1486 0000 BC       		.byte	-68
 1487 0001 90       		.byte	-112
 1488 0002 AC       		.byte	-84
 1489 0003 AF       		.byte	-81
 1490              		.section	.cycustnvl,"a",%progbits
 1491              		.align	2
 1492              		.type	cy_meta_custnvl, %object
 1493              		.size	cy_meta_custnvl, 4
 1494              	cy_meta_custnvl:
 1495 0000 00       		.byte	0
 1496 0001 00       		.byte	0
 1497 0002 40       		.byte	64
 1498 0003 05       		.byte	5
 1499              		.section	.cymeta,"a",%progbits
 1500              		.align	2
 1501              		.type	cy_metadata, %object
 1502              		.size	cy_metadata, 12
 1503              	cy_metadata:
 1504 0000 00       		.byte	0
 1505 0001 01       		.byte	1
 1506 0002 2E       		.byte	46
 1507 0003 16       		.byte	22
 1508 0004 10       		.byte	16
 1509 0005 69       		.byte	105
 1510 0006 00       		.byte	0
 1511 0007 01       		.byte	1
 1512 0008 00       		.byte	0
 1513 0009 00       		.byte	0
 1514 000a 00       		.byte	0
 1515 000b 00       		.byte	0
 1516              		.section	.cyflashprotect,"a",%progbits
 1517              		.align	2
 1518              		.type	cy_meta_flashprotect, %object
 1519              		.size	cy_meta_flashprotect, 256
 1520              	cy_meta_flashprotect:
 1521 0000 00000000 		.space	256
 1521      00000000 
 1521      00000000 
 1521      00000000 
 1521      00000000 
 1522              		.text
 1523              	.Letext0:
 1524              		.file 1 "c:\\program files (x86)\\cypress\\psoc creator\\4.4\\psoc creator\\import\\gnu\\arm\\5.4.
 1525              		.file 2 "c:\\program files (x86)\\cypress\\psoc creator\\4.4\\psoc creator\\import\\gnu\\arm\\5.4.
 1526              		.file 3 "Generated_Source\\PSoC5\\cymetadata.c"
 1527              		.section	.debug_info,"",%progbits
 1528              	.Ldebug_info0:
 1529 0000 32010000 		.4byte	0x132
 1530 0004 0400     		.2byte	0x4
 1531 0006 00000000 		.4byte	.Ldebug_abbrev0
 1532 000a 04       		.byte	0x4
 1533 000b 01       		.uleb128 0x1
 1534 000c 24000000 		.4byte	.LASF17
 1535 0010 0C       		.byte	0xc
ARM GAS  C:\Users\Simon\AppData\Local\Temp\ccDN7LQB.s 			page 28


 1536 0011 B9010000 		.4byte	.LASF18
 1537 0015 D7000000 		.4byte	.LASF19
 1538 0019 00000000 		.4byte	.Ldebug_line0
 1539 001d 02       		.uleb128 0x2
 1540 001e 01       		.byte	0x1
 1541 001f 06       		.byte	0x6
 1542 0020 AD010000 		.4byte	.LASF0
 1543 0024 03       		.uleb128 0x3
 1544 0025 00000000 		.4byte	.LASF9
 1545 0029 01       		.byte	0x1
 1546 002a 1D       		.byte	0x1d
 1547 002b 2F000000 		.4byte	0x2f
 1548 002f 02       		.uleb128 0x2
 1549 0030 01       		.byte	0x1
 1550 0031 08       		.byte	0x8
 1551 0032 16000000 		.4byte	.LASF1
 1552 0036 02       		.uleb128 0x2
 1553 0037 02       		.byte	0x2
 1554 0038 05       		.byte	0x5
 1555 0039 9A010000 		.4byte	.LASF2
 1556 003d 02       		.uleb128 0x2
 1557 003e 02       		.byte	0x2
 1558 003f 07       		.byte	0x7
 1559 0040 C4000000 		.4byte	.LASF3
 1560 0044 02       		.uleb128 0x2
 1561 0045 04       		.byte	0x4
 1562 0046 05       		.byte	0x5
 1563 0047 A4010000 		.4byte	.LASF4
 1564 004b 02       		.uleb128 0x2
 1565 004c 04       		.byte	0x4
 1566 004d 07       		.byte	0x7
 1567 004e B2000000 		.4byte	.LASF5
 1568 0052 02       		.uleb128 0x2
 1569 0053 08       		.byte	0x8
 1570 0054 05       		.byte	0x5
 1571 0055 8C010000 		.4byte	.LASF6
 1572 0059 02       		.uleb128 0x2
 1573 005a 08       		.byte	0x8
 1574 005b 07       		.byte	0x7
 1575 005c 41010000 		.4byte	.LASF7
 1576 0060 04       		.uleb128 0x4
 1577 0061 04       		.byte	0x4
 1578 0062 05       		.byte	0x5
 1579 0063 696E7400 		.ascii	"int\000"
 1580 0067 02       		.uleb128 0x2
 1581 0068 04       		.byte	0x4
 1582 0069 07       		.byte	0x7
 1583 006a 34010000 		.4byte	.LASF8
 1584 006e 03       		.uleb128 0x3
 1585 006f 58010000 		.4byte	.LASF10
 1586 0073 02       		.byte	0x2
 1587 0074 18       		.byte	0x18
 1588 0075 24000000 		.4byte	0x24
 1589 0079 05       		.uleb128 0x5
 1590 007a 91000000 		.4byte	0x91
 1591 007e 8A000000 		.4byte	0x8a
 1592 0082 06       		.uleb128 0x6
ARM GAS  C:\Users\Simon\AppData\Local\Temp\ccDN7LQB.s 			page 29


 1593 0083 8A000000 		.4byte	0x8a
 1594 0087 AB05     		.2byte	0x5ab
 1595 0089 00       		.byte	0
 1596 008a 02       		.uleb128 0x2
 1597 008b 04       		.byte	0x4
 1598 008c 07       		.byte	0x7
 1599 008d 83010000 		.4byte	.LASF11
 1600 0091 07       		.uleb128 0x7
 1601 0092 6E000000 		.4byte	0x6e
 1602 0096 08       		.uleb128 0x8
 1603 0097 22010000 		.4byte	.LASF12
 1604 009b 03       		.byte	0x3
 1605 009c 1F       		.byte	0x1f
 1606 009d A7000000 		.4byte	0xa7
 1607 00a1 05       		.uleb128 0x5
 1608 00a2 03       		.byte	0x3
 1609 00a3 00000000 		.4byte	cy_meta_configecc
 1610 00a7 07       		.uleb128 0x7
 1611 00a8 79000000 		.4byte	0x79
 1612 00ac 05       		.uleb128 0x5
 1613 00ad 91000000 		.4byte	0x91
 1614 00b1 BC000000 		.4byte	0xbc
 1615 00b5 09       		.uleb128 0x9
 1616 00b6 8A000000 		.4byte	0x8a
 1617 00ba 03       		.byte	0x3
 1618 00bb 00       		.byte	0
 1619 00bc 08       		.uleb128 0x8
 1620 00bd 12010000 		.4byte	.LASF13
 1621 00c1 03       		.byte	0x3
 1622 00c2 E2       		.byte	0xe2
 1623 00c3 CD000000 		.4byte	0xcd
 1624 00c7 05       		.uleb128 0x5
 1625 00c8 03       		.byte	0x3
 1626 00c9 00000000 		.4byte	cy_meta_custnvl
 1627 00cd 07       		.uleb128 0x7
 1628 00ce AC000000 		.4byte	0xac
 1629 00d2 08       		.uleb128 0x8
 1630 00d3 75010000 		.4byte	.LASF14
 1631 00d7 03       		.byte	0x3
 1632 00d8 F0       		.byte	0xf0
 1633 00d9 E3000000 		.4byte	0xe3
 1634 00dd 05       		.uleb128 0x5
 1635 00de 03       		.byte	0x3
 1636 00df 00000000 		.4byte	cy_meta_wonvl
 1637 00e3 07       		.uleb128 0x7
 1638 00e4 AC000000 		.4byte	0xac
 1639 00e8 05       		.uleb128 0x5
 1640 00e9 91000000 		.4byte	0x91
 1641 00ed F8000000 		.4byte	0xf8
 1642 00f1 09       		.uleb128 0x9
 1643 00f2 8A000000 		.4byte	0x8a
 1644 00f6 FF       		.byte	0xff
 1645 00f7 00       		.byte	0
 1646 00f8 08       		.uleb128 0x8
 1647 00f9 60010000 		.4byte	.LASF15
 1648 00fd 03       		.byte	0x3
 1649 00fe FE       		.byte	0xfe
ARM GAS  C:\Users\Simon\AppData\Local\Temp\ccDN7LQB.s 			page 30


 1650 00ff 09010000 		.4byte	0x109
 1651 0103 05       		.uleb128 0x5
 1652 0104 03       		.byte	0x3
 1653 0105 00000000 		.4byte	cy_meta_flashprotect
 1654 0109 07       		.uleb128 0x7
 1655 010a E8000000 		.4byte	0xe8
 1656 010e 05       		.uleb128 0x5
 1657 010f 91000000 		.4byte	0x91
 1658 0113 1E010000 		.4byte	0x11e
 1659 0117 09       		.uleb128 0x9
 1660 0118 8A000000 		.4byte	0x8a
 1661 011c 0B       		.byte	0xb
 1662 011d 00       		.byte	0
 1663 011e 0A       		.uleb128 0xa
 1664 011f 0A000000 		.4byte	.LASF16
 1665 0123 03       		.byte	0x3
 1666 0124 2B01     		.2byte	0x12b
 1667 0126 30010000 		.4byte	0x130
 1668 012a 05       		.uleb128 0x5
 1669 012b 03       		.byte	0x3
 1670 012c 00000000 		.4byte	cy_metadata
 1671 0130 07       		.uleb128 0x7
 1672 0131 0E010000 		.4byte	0x10e
 1673 0135 00       		.byte	0
 1674              		.section	.debug_abbrev,"",%progbits
 1675              	.Ldebug_abbrev0:
 1676 0000 01       		.uleb128 0x1
 1677 0001 11       		.uleb128 0x11
 1678 0002 01       		.byte	0x1
 1679 0003 25       		.uleb128 0x25
 1680 0004 0E       		.uleb128 0xe
 1681 0005 13       		.uleb128 0x13
 1682 0006 0B       		.uleb128 0xb
 1683 0007 03       		.uleb128 0x3
 1684 0008 0E       		.uleb128 0xe
 1685 0009 1B       		.uleb128 0x1b
 1686 000a 0E       		.uleb128 0xe
 1687 000b 10       		.uleb128 0x10
 1688 000c 17       		.uleb128 0x17
 1689 000d 00       		.byte	0
 1690 000e 00       		.byte	0
 1691 000f 02       		.uleb128 0x2
 1692 0010 24       		.uleb128 0x24
 1693 0011 00       		.byte	0
 1694 0012 0B       		.uleb128 0xb
 1695 0013 0B       		.uleb128 0xb
 1696 0014 3E       		.uleb128 0x3e
 1697 0015 0B       		.uleb128 0xb
 1698 0016 03       		.uleb128 0x3
 1699 0017 0E       		.uleb128 0xe
 1700 0018 00       		.byte	0
 1701 0019 00       		.byte	0
 1702 001a 03       		.uleb128 0x3
 1703 001b 16       		.uleb128 0x16
 1704 001c 00       		.byte	0
 1705 001d 03       		.uleb128 0x3
 1706 001e 0E       		.uleb128 0xe
ARM GAS  C:\Users\Simon\AppData\Local\Temp\ccDN7LQB.s 			page 31


 1707 001f 3A       		.uleb128 0x3a
 1708 0020 0B       		.uleb128 0xb
 1709 0021 3B       		.uleb128 0x3b
 1710 0022 0B       		.uleb128 0xb
 1711 0023 49       		.uleb128 0x49
 1712 0024 13       		.uleb128 0x13
 1713 0025 00       		.byte	0
 1714 0026 00       		.byte	0
 1715 0027 04       		.uleb128 0x4
 1716 0028 24       		.uleb128 0x24
 1717 0029 00       		.byte	0
 1718 002a 0B       		.uleb128 0xb
 1719 002b 0B       		.uleb128 0xb
 1720 002c 3E       		.uleb128 0x3e
 1721 002d 0B       		.uleb128 0xb
 1722 002e 03       		.uleb128 0x3
 1723 002f 08       		.uleb128 0x8
 1724 0030 00       		.byte	0
 1725 0031 00       		.byte	0
 1726 0032 05       		.uleb128 0x5
 1727 0033 01       		.uleb128 0x1
 1728 0034 01       		.byte	0x1
 1729 0035 49       		.uleb128 0x49
 1730 0036 13       		.uleb128 0x13
 1731 0037 01       		.uleb128 0x1
 1732 0038 13       		.uleb128 0x13
 1733 0039 00       		.byte	0
 1734 003a 00       		.byte	0
 1735 003b 06       		.uleb128 0x6
 1736 003c 21       		.uleb128 0x21
 1737 003d 00       		.byte	0
 1738 003e 49       		.uleb128 0x49
 1739 003f 13       		.uleb128 0x13
 1740 0040 2F       		.uleb128 0x2f
 1741 0041 05       		.uleb128 0x5
 1742 0042 00       		.byte	0
 1743 0043 00       		.byte	0
 1744 0044 07       		.uleb128 0x7
 1745 0045 26       		.uleb128 0x26
 1746 0046 00       		.byte	0
 1747 0047 49       		.uleb128 0x49
 1748 0048 13       		.uleb128 0x13
 1749 0049 00       		.byte	0
 1750 004a 00       		.byte	0
 1751 004b 08       		.uleb128 0x8
 1752 004c 34       		.uleb128 0x34
 1753 004d 00       		.byte	0
 1754 004e 03       		.uleb128 0x3
 1755 004f 0E       		.uleb128 0xe
 1756 0050 3A       		.uleb128 0x3a
 1757 0051 0B       		.uleb128 0xb
 1758 0052 3B       		.uleb128 0x3b
 1759 0053 0B       		.uleb128 0xb
 1760 0054 49       		.uleb128 0x49
 1761 0055 13       		.uleb128 0x13
 1762 0056 3F       		.uleb128 0x3f
 1763 0057 19       		.uleb128 0x19
ARM GAS  C:\Users\Simon\AppData\Local\Temp\ccDN7LQB.s 			page 32


 1764 0058 02       		.uleb128 0x2
 1765 0059 18       		.uleb128 0x18
 1766 005a 00       		.byte	0
 1767 005b 00       		.byte	0
 1768 005c 09       		.uleb128 0x9
 1769 005d 21       		.uleb128 0x21
 1770 005e 00       		.byte	0
 1771 005f 49       		.uleb128 0x49
 1772 0060 13       		.uleb128 0x13
 1773 0061 2F       		.uleb128 0x2f
 1774 0062 0B       		.uleb128 0xb
 1775 0063 00       		.byte	0
 1776 0064 00       		.byte	0
 1777 0065 0A       		.uleb128 0xa
 1778 0066 34       		.uleb128 0x34
 1779 0067 00       		.byte	0
 1780 0068 03       		.uleb128 0x3
 1781 0069 0E       		.uleb128 0xe
 1782 006a 3A       		.uleb128 0x3a
 1783 006b 0B       		.uleb128 0xb
 1784 006c 3B       		.uleb128 0x3b
 1785 006d 05       		.uleb128 0x5
 1786 006e 49       		.uleb128 0x49
 1787 006f 13       		.uleb128 0x13
 1788 0070 3F       		.uleb128 0x3f
 1789 0071 19       		.uleb128 0x19
 1790 0072 02       		.uleb128 0x2
 1791 0073 18       		.uleb128 0x18
 1792 0074 00       		.byte	0
 1793 0075 00       		.byte	0
 1794 0076 00       		.byte	0
 1795              		.section	.debug_aranges,"",%progbits
 1796 0000 14000000 		.4byte	0x14
 1797 0004 0200     		.2byte	0x2
 1798 0006 00000000 		.4byte	.Ldebug_info0
 1799 000a 04       		.byte	0x4
 1800 000b 00       		.byte	0
 1801 000c 0000     		.2byte	0
 1802 000e 0000     		.2byte	0
 1803 0010 00000000 		.4byte	0
 1804 0014 00000000 		.4byte	0
 1805              		.section	.debug_line,"",%progbits
 1806              	.Ldebug_line0:
 1807 0000 3D010000 		.section	.debug_str,"MS",%progbits,1
 1807      02003701 
 1807      00000201 
 1807      FB0E0D00 
 1807      01010101 
 1808              	.LASF9:
 1809 0000 5F5F7569 		.ascii	"__uint8_t\000"
 1809      6E74385F 
 1809      7400
 1810              	.LASF16:
 1811 000a 63795F6D 		.ascii	"cy_metadata\000"
 1811      65746164 
 1811      61746100 
 1812              	.LASF1:
ARM GAS  C:\Users\Simon\AppData\Local\Temp\ccDN7LQB.s 			page 33


 1813 0016 756E7369 		.ascii	"unsigned char\000"
 1813      676E6564 
 1813      20636861 
 1813      7200
 1814              	.LASF17:
 1815 0024 474E5520 		.ascii	"GNU C11 5.4.1 20160609 (release) [ARM/embedded-5-br"
 1815      43313120 
 1815      352E342E 
 1815      31203230 
 1815      31363036 
 1816 0057 616E6368 		.ascii	"anch revision 237715] -mcpu=cortex-m3 -mthumb -g -O"
 1816      20726576 
 1816      6973696F 
 1816      6E203233 
 1816      37373135 
 1817 008a 67202D66 		.ascii	"g -ffunction-sections -ffat-lto-objects\000"
 1817      66756E63 
 1817      74696F6E 
 1817      2D736563 
 1817      74696F6E 
 1818              	.LASF5:
 1819 00b2 6C6F6E67 		.ascii	"long unsigned int\000"
 1819      20756E73 
 1819      69676E65 
 1819      6420696E 
 1819      7400
 1820              	.LASF3:
 1821 00c4 73686F72 		.ascii	"short unsigned int\000"
 1821      7420756E 
 1821      7369676E 
 1821      65642069 
 1821      6E7400
 1822              	.LASF19:
 1823 00d7 433A5C47 		.ascii	"C:\\GIT\\RoboMate\\PSoC\\Microcontroller\\Microcont"
 1823      49545C52 
 1823      6F626F4D 
 1823      6174655C 
 1823      50536F43 
 1824 0105 726F6C6C 		.ascii	"roller.cydsn\000"
 1824      65722E63 
 1824      7964736E 
 1824      00
 1825              	.LASF13:
 1826 0112 63795F6D 		.ascii	"cy_meta_custnvl\000"
 1826      6574615F 
 1826      63757374 
 1826      6E766C00 
 1827              	.LASF12:
 1828 0122 63795F6D 		.ascii	"cy_meta_configecc\000"
 1828      6574615F 
 1828      636F6E66 
 1828      69676563 
 1828      6300
 1829              	.LASF8:
 1830 0134 756E7369 		.ascii	"unsigned int\000"
 1830      676E6564 
 1830      20696E74 
ARM GAS  C:\Users\Simon\AppData\Local\Temp\ccDN7LQB.s 			page 34


 1830      00
 1831              	.LASF7:
 1832 0141 6C6F6E67 		.ascii	"long long unsigned int\000"
 1832      206C6F6E 
 1832      6720756E 
 1832      7369676E 
 1832      65642069 
 1833              	.LASF10:
 1834 0158 75696E74 		.ascii	"uint8_t\000"
 1834      385F7400 
 1835              	.LASF15:
 1836 0160 63795F6D 		.ascii	"cy_meta_flashprotect\000"
 1836      6574615F 
 1836      666C6173 
 1836      6870726F 
 1836      74656374 
 1837              	.LASF14:
 1838 0175 63795F6D 		.ascii	"cy_meta_wonvl\000"
 1838      6574615F 
 1838      776F6E76 
 1838      6C00
 1839              	.LASF11:
 1840 0183 73697A65 		.ascii	"sizetype\000"
 1840      74797065 
 1840      00
 1841              	.LASF6:
 1842 018c 6C6F6E67 		.ascii	"long long int\000"
 1842      206C6F6E 
 1842      6720696E 
 1842      7400
 1843              	.LASF2:
 1844 019a 73686F72 		.ascii	"short int\000"
 1844      7420696E 
 1844      7400
 1845              	.LASF4:
 1846 01a4 6C6F6E67 		.ascii	"long int\000"
 1846      20696E74 
 1846      00
 1847              	.LASF0:
 1848 01ad 7369676E 		.ascii	"signed char\000"
 1848      65642063 
 1848      68617200 
 1849              	.LASF18:
 1850 01b9 47656E65 		.ascii	"Generated_Source\\PSoC5\\cymetadata.c\000"
 1850      72617465 
 1850      645F536F 
 1850      75726365 
 1850      5C50536F 
 1851              		.ident	"GCC: (GNU Tools for ARM Embedded Processors) 5.4.1 20160609 (release) [ARM/embedded-5-bran
